[2026-02-23T17:18:40.919+0000] {processor.py:161} INFO - Started process (PID=176) to work on /opt/airflow/dags/etl_dag.py
[2026-02-23T17:18:40.919+0000] {processor.py:830} INFO - Processing file /opt/airflow/dags/etl_dag.py for tasks to queue
[2026-02-23T17:18:40.919+0000] {logging_mixin.py:188} INFO - [2026-02-23T17:18:40.919+0000] {dagbag.py:538} INFO - Filling up the DagBag from /opt/airflow/dags/etl_dag.py
[2026-02-23T17:18:40.930+0000] {logging_mixin.py:188} INFO - [2026-02-23T17:18:40.930+0000] {dagbag.py:348} ERROR - Failed to import: /opt/airflow/dags/etl_dag.py
Traceback (most recent call last):
  File "/home/airflow/.local/lib/python3.8/site-packages/airflow/models/dagbag.py", line 344, in parse
    loader.exec_module(new_module)
  File "<frozen importlib._bootstrap_external>", line 843, in exec_module
  File "<frozen importlib._bootstrap>", line 219, in _call_with_frames_removed
  File "/opt/airflow/dags/etl_dag.py", line 8, in <module>
    from sqlalchemy.ext.asyncio import async_sessionmaker
ImportError: cannot import name 'async_sessionmaker' from 'sqlalchemy.ext.asyncio' (/home/airflow/.local/lib/python3.8/site-packages/sqlalchemy/ext/asyncio/__init__.py)
[2026-02-23T17:18:40.931+0000] {processor.py:842} WARNING - No viable dags retrieved from /opt/airflow/dags/etl_dag.py
[2026-02-23T17:18:40.944+0000] {processor.py:183} INFO - Processing /opt/airflow/dags/etl_dag.py took 0.027 seconds
[2026-02-23T17:19:11.008+0000] {processor.py:161} INFO - Started process (PID=181) to work on /opt/airflow/dags/etl_dag.py
[2026-02-23T17:19:11.008+0000] {processor.py:830} INFO - Processing file /opt/airflow/dags/etl_dag.py for tasks to queue
[2026-02-23T17:19:11.009+0000] {logging_mixin.py:188} INFO - [2026-02-23T17:19:11.008+0000] {dagbag.py:538} INFO - Filling up the DagBag from /opt/airflow/dags/etl_dag.py
[2026-02-23T17:19:11.015+0000] {logging_mixin.py:188} INFO - [2026-02-23T17:19:11.015+0000] {dagbag.py:348} ERROR - Failed to import: /opt/airflow/dags/etl_dag.py
Traceback (most recent call last):
  File "/home/airflow/.local/lib/python3.8/site-packages/airflow/models/dagbag.py", line 344, in parse
    loader.exec_module(new_module)
  File "<frozen importlib._bootstrap_external>", line 843, in exec_module
  File "<frozen importlib._bootstrap>", line 219, in _call_with_frames_removed
  File "/opt/airflow/dags/etl_dag.py", line 8, in <module>
    from sqlalchemy.ext.asyncio import async_sessionmaker
ImportError: cannot import name 'async_sessionmaker' from 'sqlalchemy.ext.asyncio' (/home/airflow/.local/lib/python3.8/site-packages/sqlalchemy/ext/asyncio/__init__.py)
[2026-02-23T17:19:11.015+0000] {processor.py:842} WARNING - No viable dags retrieved from /opt/airflow/dags/etl_dag.py
[2026-02-23T17:19:11.028+0000] {processor.py:183} INFO - Processing /opt/airflow/dags/etl_dag.py took 0.022 seconds
[2026-02-23T17:20:06.215+0000] {processor.py:161} INFO - Started process (PID=175) to work on /opt/airflow/dags/etl_dag.py
[2026-02-23T17:20:06.215+0000] {processor.py:830} INFO - Processing file /opt/airflow/dags/etl_dag.py for tasks to queue
[2026-02-23T17:20:06.216+0000] {logging_mixin.py:188} INFO - [2026-02-23T17:20:06.215+0000] {dagbag.py:538} INFO - Filling up the DagBag from /opt/airflow/dags/etl_dag.py
[2026-02-23T17:20:06.229+0000] {logging_mixin.py:188} INFO - [2026-02-23T17:20:06.228+0000] {dagbag.py:348} ERROR - Failed to import: /opt/airflow/dags/etl_dag.py
Traceback (most recent call last):
  File "/home/airflow/.local/lib/python3.8/site-packages/airflow/models/dagbag.py", line 344, in parse
    loader.exec_module(new_module)
  File "<frozen importlib._bootstrap_external>", line 843, in exec_module
  File "<frozen importlib._bootstrap>", line 219, in _call_with_frames_removed
  File "/opt/airflow/dags/etl_dag.py", line 8, in <module>
    from sqlalchemy.ext.asyncio import async_sessionmaker
ImportError: cannot import name 'async_sessionmaker' from 'sqlalchemy.ext.asyncio' (/home/airflow/.local/lib/python3.8/site-packages/sqlalchemy/ext/asyncio/__init__.py)
[2026-02-23T17:20:06.229+0000] {processor.py:842} WARNING - No viable dags retrieved from /opt/airflow/dags/etl_dag.py
[2026-02-23T17:20:06.241+0000] {processor.py:183} INFO - Processing /opt/airflow/dags/etl_dag.py took 0.028 seconds
[2026-02-23T17:20:36.317+0000] {processor.py:161} INFO - Started process (PID=181) to work on /opt/airflow/dags/etl_dag.py
[2026-02-23T17:20:36.318+0000] {processor.py:830} INFO - Processing file /opt/airflow/dags/etl_dag.py for tasks to queue
[2026-02-23T17:20:36.318+0000] {logging_mixin.py:188} INFO - [2026-02-23T17:20:36.318+0000] {dagbag.py:538} INFO - Filling up the DagBag from /opt/airflow/dags/etl_dag.py
[2026-02-23T17:20:36.325+0000] {logging_mixin.py:188} INFO - [2026-02-23T17:20:36.325+0000] {dagbag.py:348} ERROR - Failed to import: /opt/airflow/dags/etl_dag.py
Traceback (most recent call last):
  File "/home/airflow/.local/lib/python3.8/site-packages/airflow/models/dagbag.py", line 344, in parse
    loader.exec_module(new_module)
  File "<frozen importlib._bootstrap_external>", line 843, in exec_module
  File "<frozen importlib._bootstrap>", line 219, in _call_with_frames_removed
  File "/opt/airflow/dags/etl_dag.py", line 8, in <module>
    from sqlalchemy.ext.asyncio import async_sessionmaker
ImportError: cannot import name 'async_sessionmaker' from 'sqlalchemy.ext.asyncio' (/home/airflow/.local/lib/python3.8/site-packages/sqlalchemy/ext/asyncio/__init__.py)
[2026-02-23T17:20:36.326+0000] {processor.py:842} WARNING - No viable dags retrieved from /opt/airflow/dags/etl_dag.py
[2026-02-23T17:20:36.338+0000] {processor.py:183} INFO - Processing /opt/airflow/dags/etl_dag.py took 0.022 seconds
[2026-02-23T17:21:06.401+0000] {processor.py:161} INFO - Started process (PID=186) to work on /opt/airflow/dags/etl_dag.py
[2026-02-23T17:21:06.402+0000] {processor.py:830} INFO - Processing file /opt/airflow/dags/etl_dag.py for tasks to queue
[2026-02-23T17:21:06.402+0000] {logging_mixin.py:188} INFO - [2026-02-23T17:21:06.402+0000] {dagbag.py:538} INFO - Filling up the DagBag from /opt/airflow/dags/etl_dag.py
[2026-02-23T17:21:06.409+0000] {logging_mixin.py:188} INFO - [2026-02-23T17:21:06.409+0000] {dagbag.py:348} ERROR - Failed to import: /opt/airflow/dags/etl_dag.py
Traceback (most recent call last):
  File "/home/airflow/.local/lib/python3.8/site-packages/airflow/models/dagbag.py", line 344, in parse
    loader.exec_module(new_module)
  File "<frozen importlib._bootstrap_external>", line 843, in exec_module
  File "<frozen importlib._bootstrap>", line 219, in _call_with_frames_removed
  File "/opt/airflow/dags/etl_dag.py", line 8, in <module>
    from sqlalchemy.ext.asyncio import async_sessionmaker
ImportError: cannot import name 'async_sessionmaker' from 'sqlalchemy.ext.asyncio' (/home/airflow/.local/lib/python3.8/site-packages/sqlalchemy/ext/asyncio/__init__.py)
[2026-02-23T17:21:06.409+0000] {processor.py:842} WARNING - No viable dags retrieved from /opt/airflow/dags/etl_dag.py
[2026-02-23T17:21:06.422+0000] {processor.py:183} INFO - Processing /opt/airflow/dags/etl_dag.py took 0.022 seconds
[2026-02-23T17:21:36.491+0000] {processor.py:161} INFO - Started process (PID=191) to work on /opt/airflow/dags/etl_dag.py
[2026-02-23T17:21:36.492+0000] {processor.py:830} INFO - Processing file /opt/airflow/dags/etl_dag.py for tasks to queue
[2026-02-23T17:21:36.492+0000] {logging_mixin.py:188} INFO - [2026-02-23T17:21:36.492+0000] {dagbag.py:538} INFO - Filling up the DagBag from /opt/airflow/dags/etl_dag.py
[2026-02-23T17:21:36.499+0000] {logging_mixin.py:188} INFO - [2026-02-23T17:21:36.498+0000] {dagbag.py:348} ERROR - Failed to import: /opt/airflow/dags/etl_dag.py
Traceback (most recent call last):
  File "/home/airflow/.local/lib/python3.8/site-packages/airflow/models/dagbag.py", line 344, in parse
    loader.exec_module(new_module)
  File "<frozen importlib._bootstrap_external>", line 843, in exec_module
  File "<frozen importlib._bootstrap>", line 219, in _call_with_frames_removed
  File "/opt/airflow/dags/etl_dag.py", line 8, in <module>
    from sqlalchemy.ext.asyncio import async_sessionmaker
ImportError: cannot import name 'async_sessionmaker' from 'sqlalchemy.ext.asyncio' (/home/airflow/.local/lib/python3.8/site-packages/sqlalchemy/ext/asyncio/__init__.py)
[2026-02-23T17:21:36.499+0000] {processor.py:842} WARNING - No viable dags retrieved from /opt/airflow/dags/etl_dag.py
[2026-02-23T17:21:36.511+0000] {processor.py:183} INFO - Processing /opt/airflow/dags/etl_dag.py took 0.022 seconds
[2026-02-23T17:22:06.583+0000] {processor.py:161} INFO - Started process (PID=196) to work on /opt/airflow/dags/etl_dag.py
[2026-02-23T17:22:06.583+0000] {processor.py:830} INFO - Processing file /opt/airflow/dags/etl_dag.py for tasks to queue
[2026-02-23T17:22:06.584+0000] {logging_mixin.py:188} INFO - [2026-02-23T17:22:06.583+0000] {dagbag.py:538} INFO - Filling up the DagBag from /opt/airflow/dags/etl_dag.py
[2026-02-23T17:22:06.590+0000] {logging_mixin.py:188} INFO - [2026-02-23T17:22:06.590+0000] {dagbag.py:348} ERROR - Failed to import: /opt/airflow/dags/etl_dag.py
Traceback (most recent call last):
  File "/home/airflow/.local/lib/python3.8/site-packages/airflow/models/dagbag.py", line 344, in parse
    loader.exec_module(new_module)
  File "<frozen importlib._bootstrap_external>", line 843, in exec_module
  File "<frozen importlib._bootstrap>", line 219, in _call_with_frames_removed
  File "/opt/airflow/dags/etl_dag.py", line 8, in <module>
    from sqlalchemy.ext.asyncio import async_sessionmaker
ImportError: cannot import name 'async_sessionmaker' from 'sqlalchemy.ext.asyncio' (/home/airflow/.local/lib/python3.8/site-packages/sqlalchemy/ext/asyncio/__init__.py)
[2026-02-23T17:22:06.590+0000] {processor.py:842} WARNING - No viable dags retrieved from /opt/airflow/dags/etl_dag.py
[2026-02-23T17:22:06.603+0000] {processor.py:183} INFO - Processing /opt/airflow/dags/etl_dag.py took 0.022 seconds
[2026-02-23T17:22:36.668+0000] {processor.py:161} INFO - Started process (PID=201) to work on /opt/airflow/dags/etl_dag.py
[2026-02-23T17:22:36.668+0000] {processor.py:830} INFO - Processing file /opt/airflow/dags/etl_dag.py for tasks to queue
[2026-02-23T17:22:36.668+0000] {logging_mixin.py:188} INFO - [2026-02-23T17:22:36.668+0000] {dagbag.py:538} INFO - Filling up the DagBag from /opt/airflow/dags/etl_dag.py
[2026-02-23T17:22:36.675+0000] {logging_mixin.py:188} INFO - [2026-02-23T17:22:36.675+0000] {dagbag.py:348} ERROR - Failed to import: /opt/airflow/dags/etl_dag.py
Traceback (most recent call last):
  File "/home/airflow/.local/lib/python3.8/site-packages/airflow/models/dagbag.py", line 344, in parse
    loader.exec_module(new_module)
  File "<frozen importlib._bootstrap_external>", line 843, in exec_module
  File "<frozen importlib._bootstrap>", line 219, in _call_with_frames_removed
  File "/opt/airflow/dags/etl_dag.py", line 8, in <module>
    from sqlalchemy.ext.asyncio import async_sessionmaker
ImportError: cannot import name 'async_sessionmaker' from 'sqlalchemy.ext.asyncio' (/home/airflow/.local/lib/python3.8/site-packages/sqlalchemy/ext/asyncio/__init__.py)
[2026-02-23T17:22:36.675+0000] {processor.py:842} WARNING - No viable dags retrieved from /opt/airflow/dags/etl_dag.py
[2026-02-23T17:22:36.688+0000] {processor.py:183} INFO - Processing /opt/airflow/dags/etl_dag.py took 0.022 seconds
[2026-02-23T17:23:06.754+0000] {processor.py:161} INFO - Started process (PID=206) to work on /opt/airflow/dags/etl_dag.py
[2026-02-23T17:23:06.754+0000] {processor.py:830} INFO - Processing file /opt/airflow/dags/etl_dag.py for tasks to queue
[2026-02-23T17:23:06.754+0000] {logging_mixin.py:188} INFO - [2026-02-23T17:23:06.754+0000] {dagbag.py:538} INFO - Filling up the DagBag from /opt/airflow/dags/etl_dag.py
[2026-02-23T17:23:06.761+0000] {logging_mixin.py:188} INFO - [2026-02-23T17:23:06.760+0000] {dagbag.py:348} ERROR - Failed to import: /opt/airflow/dags/etl_dag.py
Traceback (most recent call last):
  File "/home/airflow/.local/lib/python3.8/site-packages/airflow/models/dagbag.py", line 344, in parse
    loader.exec_module(new_module)
  File "<frozen importlib._bootstrap_external>", line 843, in exec_module
  File "<frozen importlib._bootstrap>", line 219, in _call_with_frames_removed
  File "/opt/airflow/dags/etl_dag.py", line 8, in <module>
    from sqlalchemy.ext.asyncio import async_sessionmaker
ImportError: cannot import name 'async_sessionmaker' from 'sqlalchemy.ext.asyncio' (/home/airflow/.local/lib/python3.8/site-packages/sqlalchemy/ext/asyncio/__init__.py)
[2026-02-23T17:23:06.761+0000] {processor.py:842} WARNING - No viable dags retrieved from /opt/airflow/dags/etl_dag.py
[2026-02-23T17:23:06.774+0000] {processor.py:183} INFO - Processing /opt/airflow/dags/etl_dag.py took 0.022 seconds
[2026-02-23T17:27:41.695+0000] {processor.py:161} INFO - Started process (PID=172) to work on /opt/airflow/dags/etl_dag.py
[2026-02-23T17:27:41.695+0000] {processor.py:830} INFO - Processing file /opt/airflow/dags/etl_dag.py for tasks to queue
[2026-02-23T17:27:41.696+0000] {logging_mixin.py:188} INFO - [2026-02-23T17:27:41.696+0000] {dagbag.py:540} INFO - Filling up the DagBag from /opt/airflow/dags/etl_dag.py
[2026-02-23T17:27:41.713+0000] {logging_mixin.py:188} INFO - [2026-02-23T17:27:41.711+0000] {dagbag.py:350} ERROR - Failed to import: /opt/airflow/dags/etl_dag.py
Traceback (most recent call last):
  File "/home/airflow/.local/lib/python3.12/site-packages/airflow/models/dagbag.py", line 346, in parse
    loader.exec_module(new_module)
  File "<frozen importlib._bootstrap_external>", line 995, in exec_module
  File "<frozen importlib._bootstrap>", line 488, in _call_with_frames_removed
  File "/opt/airflow/dags/etl_dag.py", line 8, in <module>
    from sqlalchemy.ext.asyncio import async_sessionmaker
ImportError: cannot import name 'async_sessionmaker' from 'sqlalchemy.ext.asyncio' (/home/airflow/.local/lib/python3.12/site-packages/sqlalchemy/ext/asyncio/__init__.py)
[2026-02-23T17:27:41.714+0000] {processor.py:842} WARNING - No viable dags retrieved from /opt/airflow/dags/etl_dag.py
[2026-02-23T17:27:41.726+0000] {processor.py:183} INFO - Processing /opt/airflow/dags/etl_dag.py took 0.034 seconds
[2026-02-23T17:28:11.796+0000] {processor.py:161} INFO - Started process (PID=178) to work on /opt/airflow/dags/etl_dag.py
[2026-02-23T17:28:11.796+0000] {processor.py:830} INFO - Processing file /opt/airflow/dags/etl_dag.py for tasks to queue
[2026-02-23T17:28:11.797+0000] {logging_mixin.py:188} INFO - [2026-02-23T17:28:11.797+0000] {dagbag.py:540} INFO - Filling up the DagBag from /opt/airflow/dags/etl_dag.py
[2026-02-23T17:28:11.805+0000] {logging_mixin.py:188} INFO - [2026-02-23T17:28:11.804+0000] {dagbag.py:350} ERROR - Failed to import: /opt/airflow/dags/etl_dag.py
Traceback (most recent call last):
  File "/home/airflow/.local/lib/python3.12/site-packages/airflow/models/dagbag.py", line 346, in parse
    loader.exec_module(new_module)
  File "<frozen importlib._bootstrap_external>", line 995, in exec_module
  File "<frozen importlib._bootstrap>", line 488, in _call_with_frames_removed
  File "/opt/airflow/dags/etl_dag.py", line 8, in <module>
    from sqlalchemy.ext.asyncio import async_sessionmaker
ImportError: cannot import name 'async_sessionmaker' from 'sqlalchemy.ext.asyncio' (/home/airflow/.local/lib/python3.12/site-packages/sqlalchemy/ext/asyncio/__init__.py)
[2026-02-23T17:28:11.806+0000] {processor.py:842} WARNING - No viable dags retrieved from /opt/airflow/dags/etl_dag.py
[2026-02-23T17:28:11.819+0000] {processor.py:183} INFO - Processing /opt/airflow/dags/etl_dag.py took 0.026 seconds
[2026-02-23T17:28:41.883+0000] {processor.py:161} INFO - Started process (PID=183) to work on /opt/airflow/dags/etl_dag.py
[2026-02-23T17:28:41.884+0000] {processor.py:830} INFO - Processing file /opt/airflow/dags/etl_dag.py for tasks to queue
[2026-02-23T17:28:41.884+0000] {logging_mixin.py:188} INFO - [2026-02-23T17:28:41.884+0000] {dagbag.py:540} INFO - Filling up the DagBag from /opt/airflow/dags/etl_dag.py
[2026-02-23T17:28:41.893+0000] {logging_mixin.py:188} INFO - [2026-02-23T17:28:41.891+0000] {dagbag.py:350} ERROR - Failed to import: /opt/airflow/dags/etl_dag.py
Traceback (most recent call last):
  File "/home/airflow/.local/lib/python3.12/site-packages/airflow/models/dagbag.py", line 346, in parse
    loader.exec_module(new_module)
  File "<frozen importlib._bootstrap_external>", line 995, in exec_module
  File "<frozen importlib._bootstrap>", line 488, in _call_with_frames_removed
  File "/opt/airflow/dags/etl_dag.py", line 8, in <module>
    from sqlalchemy.ext.asyncio import async_sessionmaker
ImportError: cannot import name 'async_sessionmaker' from 'sqlalchemy.ext.asyncio' (/home/airflow/.local/lib/python3.12/site-packages/sqlalchemy/ext/asyncio/__init__.py)
[2026-02-23T17:28:41.894+0000] {processor.py:842} WARNING - No viable dags retrieved from /opt/airflow/dags/etl_dag.py
[2026-02-23T17:28:41.907+0000] {processor.py:183} INFO - Processing /opt/airflow/dags/etl_dag.py took 0.026 seconds
[2026-02-23T17:29:11.971+0000] {processor.py:161} INFO - Started process (PID=188) to work on /opt/airflow/dags/etl_dag.py
[2026-02-23T17:29:11.971+0000] {processor.py:830} INFO - Processing file /opt/airflow/dags/etl_dag.py for tasks to queue
[2026-02-23T17:29:11.972+0000] {logging_mixin.py:188} INFO - [2026-02-23T17:29:11.972+0000] {dagbag.py:540} INFO - Filling up the DagBag from /opt/airflow/dags/etl_dag.py
[2026-02-23T17:29:11.980+0000] {logging_mixin.py:188} INFO - [2026-02-23T17:29:11.979+0000] {dagbag.py:350} ERROR - Failed to import: /opt/airflow/dags/etl_dag.py
Traceback (most recent call last):
  File "/home/airflow/.local/lib/python3.12/site-packages/airflow/models/dagbag.py", line 346, in parse
    loader.exec_module(new_module)
  File "<frozen importlib._bootstrap_external>", line 995, in exec_module
  File "<frozen importlib._bootstrap>", line 488, in _call_with_frames_removed
  File "/opt/airflow/dags/etl_dag.py", line 8, in <module>
    from sqlalchemy.ext.asyncio import async_sessionmaker
ImportError: cannot import name 'async_sessionmaker' from 'sqlalchemy.ext.asyncio' (/home/airflow/.local/lib/python3.12/site-packages/sqlalchemy/ext/asyncio/__init__.py)
[2026-02-23T17:29:11.981+0000] {processor.py:842} WARNING - No viable dags retrieved from /opt/airflow/dags/etl_dag.py
[2026-02-23T17:29:11.994+0000] {processor.py:183} INFO - Processing /opt/airflow/dags/etl_dag.py took 0.026 seconds
[2026-02-23T17:31:49.572+0000] {processor.py:161} INFO - Started process (PID=173) to work on /opt/airflow/dags/etl_dag.py
[2026-02-23T17:31:49.573+0000] {processor.py:830} INFO - Processing file /opt/airflow/dags/etl_dag.py for tasks to queue
[2026-02-23T17:31:49.574+0000] {logging_mixin.py:188} INFO - [2026-02-23T17:31:49.573+0000] {dagbag.py:540} INFO - Filling up the DagBag from /opt/airflow/dags/etl_dag.py
[2026-02-23T17:31:49.589+0000] {logging_mixin.py:188} INFO - [2026-02-23T17:31:49.588+0000] {dagbag.py:350} ERROR - Failed to import: /opt/airflow/dags/etl_dag.py
Traceback (most recent call last):
  File "/home/airflow/.local/lib/python3.12/site-packages/airflow/models/dagbag.py", line 346, in parse
    loader.exec_module(new_module)
  File "<frozen importlib._bootstrap_external>", line 995, in exec_module
  File "<frozen importlib._bootstrap>", line 488, in _call_with_frames_removed
  File "/opt/airflow/dags/etl_dag.py", line 8, in <module>
    from sqlalchemy.ext.asyncio import async_sessionmaker
ImportError: cannot import name 'async_sessionmaker' from 'sqlalchemy.ext.asyncio' (/home/airflow/.local/lib/python3.12/site-packages/sqlalchemy/ext/asyncio/__init__.py)
[2026-02-23T17:31:49.590+0000] {processor.py:842} WARNING - No viable dags retrieved from /opt/airflow/dags/etl_dag.py
[2026-02-23T17:31:49.604+0000] {processor.py:183} INFO - Processing /opt/airflow/dags/etl_dag.py took 0.034 seconds
[2026-02-23T17:32:19.670+0000] {processor.py:161} INFO - Started process (PID=178) to work on /opt/airflow/dags/etl_dag.py
[2026-02-23T17:32:19.670+0000] {processor.py:830} INFO - Processing file /opt/airflow/dags/etl_dag.py for tasks to queue
[2026-02-23T17:32:19.671+0000] {logging_mixin.py:188} INFO - [2026-02-23T17:32:19.671+0000] {dagbag.py:540} INFO - Filling up the DagBag from /opt/airflow/dags/etl_dag.py
[2026-02-23T17:32:19.679+0000] {logging_mixin.py:188} INFO - [2026-02-23T17:32:19.678+0000] {dagbag.py:350} ERROR - Failed to import: /opt/airflow/dags/etl_dag.py
Traceback (most recent call last):
  File "/home/airflow/.local/lib/python3.12/site-packages/airflow/models/dagbag.py", line 346, in parse
    loader.exec_module(new_module)
  File "<frozen importlib._bootstrap_external>", line 995, in exec_module
  File "<frozen importlib._bootstrap>", line 488, in _call_with_frames_removed
  File "/opt/airflow/dags/etl_dag.py", line 8, in <module>
    from sqlalchemy.ext.asyncio import async_sessionmaker
ImportError: cannot import name 'async_sessionmaker' from 'sqlalchemy.ext.asyncio' (/home/airflow/.local/lib/python3.12/site-packages/sqlalchemy/ext/asyncio/__init__.py)
[2026-02-23T17:32:19.680+0000] {processor.py:842} WARNING - No viable dags retrieved from /opt/airflow/dags/etl_dag.py
[2026-02-23T17:32:19.693+0000] {processor.py:183} INFO - Processing /opt/airflow/dags/etl_dag.py took 0.026 seconds
[2026-02-23T17:32:49.755+0000] {processor.py:161} INFO - Started process (PID=247) to work on /opt/airflow/dags/etl_dag.py
[2026-02-23T17:32:49.755+0000] {processor.py:830} INFO - Processing file /opt/airflow/dags/etl_dag.py for tasks to queue
[2026-02-23T17:32:49.756+0000] {logging_mixin.py:188} INFO - [2026-02-23T17:32:49.756+0000] {dagbag.py:540} INFO - Filling up the DagBag from /opt/airflow/dags/etl_dag.py
[2026-02-23T17:32:49.765+0000] {logging_mixin.py:188} INFO - [2026-02-23T17:32:49.764+0000] {dagbag.py:350} ERROR - Failed to import: /opt/airflow/dags/etl_dag.py
Traceback (most recent call last):
  File "/home/airflow/.local/lib/python3.12/site-packages/airflow/models/dagbag.py", line 346, in parse
    loader.exec_module(new_module)
  File "<frozen importlib._bootstrap_external>", line 995, in exec_module
  File "<frozen importlib._bootstrap>", line 488, in _call_with_frames_removed
  File "/opt/airflow/dags/etl_dag.py", line 8, in <module>
    from sqlalchemy.ext.asyncio import async_sessionmaker
ImportError: cannot import name 'async_sessionmaker' from 'sqlalchemy.ext.asyncio' (/home/airflow/.local/lib/python3.12/site-packages/sqlalchemy/ext/asyncio/__init__.py)
[2026-02-23T17:32:49.767+0000] {processor.py:842} WARNING - No viable dags retrieved from /opt/airflow/dags/etl_dag.py
[2026-02-23T17:32:49.780+0000] {processor.py:183} INFO - Processing /opt/airflow/dags/etl_dag.py took 0.029 seconds
